<?xml version="1.0" encoding="UTF-8"?>
<!-- Generated by org.testng.reporters.JUnitXMLReporter -->
<testsuite ignored="1" hostname="MM-amyzaw" failures="0" tests="1" name="Default test" time="13.795" errors="0" timestamp="2022-12-28T09:54:18 MMT">
  <testcase classname="pom.tests.AddToCartTest" name="addToCartFromStorePage" time="4.329"/>
  <testcase classname="pom.tests.AddToCartTest" name="addToCartFeaturedProducts" time="0.0">
    <ignored/>
  </testcase> <!-- addToCartFeaturedProducts -->
</testsuite> <!-- Default test -->
