<?xml version="1.0" encoding="UTF-8"?>
<testng-results ignored="1" total="2" passed="1" failed="0" skipped="0">
  <reporter-output>
  </reporter-output>
  <suite started-at="2022-12-28T09:54:04 MMT" name="Default suite" finished-at="2022-12-28T09:54:18 MMT" duration-ms="13795">
    <groups>
    </groups>
    <test started-at="2022-12-28T09:54:04 MMT" name="Default test" finished-at="2022-12-28T09:54:18 MMT" duration-ms="13795">
      <class name="pom.tests.AddToCartTest">
        <test-method is-config="true" signature="startDriver(java.lang.String)[pri:0, instance:pom.tests.AddToCartTest@23811a09]" started-at="2022-12-28T09:54:04 MMT" name="startDriver" finished-at="2022-12-28T09:54:12 MMT" duration-ms="7899" status="PASS">
          <params>
            <param index="0">
              <value is-null="true"/>
            </param>
          </params>
          <reporter-output>
          </reporter-output>
        </test-method> <!-- startDriver -->
        <test-method signature="addToCartFromStorePage()[pri:0, instance:pom.tests.AddToCartTest@23811a09]" started-at="2022-12-28T09:54:12 MMT" name="addToCartFromStorePage" finished-at="2022-12-28T09:54:17 MMT" duration-ms="4329" status="PASS">
          <reporter-output>
          </reporter-output>
        </test-method> <!-- addToCartFromStorePage -->
        <test-method is-config="true" signature="quitDriver(java.lang.String,org.testng.ITestResult)[pri:0, instance:pom.tests.AddToCartTest@23811a09]" started-at="2022-12-28T09:54:17 MMT" name="quitDriver" finished-at="2022-12-28T09:54:18 MMT" duration-ms="1046" status="PASS">
          <params>
            <param index="0">
              <value is-null="true"/>
            </param>
            <param index="1">
              <value>
                <![CDATA[[TestResult name=addToCartFromStorePage status=SUCCESS method=AddToCartTest.addToCartFromStorePage()[pri:0, instance:pom.tests.AddToCartTest@23811a09] output={null}]]]>
              </value>
            </param>
          </params>
          <reporter-output>
          </reporter-output>
        </test-method> <!-- quitDriver -->
      </class> <!-- pom.tests.AddToCartTest -->
    </test> <!-- Default test -->
  </suite> <!-- Default suite -->
</testng-results>
